2025-10-28 11:12:51,550 root INFO timezone='Europe/London' sunset=datetime.datetime(2025, 10, 28, 16, 39, 32, 521790, tzinfo=datetime.timezone.utc) sunrise=datetime.datetime(2025, 10, 28, 6, 31, 13, 400667, tzinfo=datetime.timezone.utc)
2025-10-28 11:12:51,550 root INFO https://api.openweathermap.org/data/2.5/weather?lat=48.0&lon=2.0&appid=5090a14bf34a4879699a2418bf9b9913&units=metric
2025-10-28 11:13:02,626 root INFO HTTPSConnectionPool(host='api.openweathermap.org', port=443): Max retries exceeded with url: /data/2.5/weather?lat=48.0&lon=2.0&appid=5090a14bf34a4879699a2418bf9b9913&units=metric (Caused by NewConnectionError('<urllib3.connection.HTTPSConnection object at 0x0000018A23796910>: Failed to establish a new connection: [Errno 11001] getaddrinfo failed'))
2025-10-28 11:13:35,119 root INFO timezone='Europe/London' sunset=datetime.datetime(2025, 10, 28, 16, 39, 32, 521790, tzinfo=datetime.timezone.utc) sunrise=datetime.datetime(2025, 10, 28, 6, 31, 13, 400667, tzinfo=datetime.timezone.utc)
2025-10-28 11:13:35,119 root INFO https://api.openweathermap.org/data/2.5/weather?lat=48.0&lon=2.0&appid=5090a14bf34a4879699a2418bf9b9913&units=metric
2025-10-28 11:13:35,126 root INFO HTTPSConnectionPool(host='api.openweathermap.org', port=443): Max retries exceeded with url: /data/2.5/weather?lat=48.0&lon=2.0&appid=5090a14bf34a4879699a2418bf9b9913&units=metric (Caused by NewConnectionError('<urllib3.connection.HTTPSConnection object at 0x0000020FE5736490>: Failed to establish a new connection: [Errno 11001] getaddrinfo failed'))
2025-10-28 11:26:19,068 root INFO timezone='Europe/London' sunset=datetime.datetime(2025, 10, 28, 16, 39, 32, 521790, tzinfo=datetime.timezone.utc) sunrise=datetime.datetime(2025, 10, 28, 6, 31, 13, 400667, tzinfo=datetime.timezone.utc)
2025-10-28 11:26:19,068 root INFO https://api.openweathermap.org/data/2.5/weather?lat=48.0&lon=2.0&appid=5090a14bf34a4879699a2418bf9b9913&units=metric
2025-10-28 11:26:19,161 root INFO Couverture nuageuse : 100%
2025-10-28 11:26:19,161 root INFO sunlight=0.31785143578323 seasonal_factor=0.7755470342530602, cloud_factor=0.05600000000000001
2025-10-28 11:26:19,161 root INFO sunlight=0.24650873835476103 seasonal_factor=0.7755470342530602, cloud_factor=0.05600000000000001
2025-10-28 11:26:19,162 root INFO power:1479.05W, energie:0.0Wh
2025-10-28 11:26:19,162 root INFO prod index:0.0Wh, New index:0.0Wh
2025-10-28 11:26:19,163 root INFO power:404.96W, energie:94.49531949103672Wh
2025-10-28 11:26:19,163 root INFO Conso power 404.96W, energie:94.49531949103672Wh New index:94.49531949103672Wh
2025-10-28 11:26:19,164 root INFO Inj index:0Wh, New index:0Wh
2025-10-28 11:26:19,164 root INFO Sout index:0Wh, New index:0Wh
2025-10-28 11:26:49,167 root INFO timezone='Europe/London' sunset=datetime.datetime(2025, 10, 28, 16, 39, 32, 521790, tzinfo=datetime.timezone.utc) sunrise=datetime.datetime(2025, 10, 28, 6, 31, 13, 400667, tzinfo=datetime.timezone.utc)
2025-10-28 11:26:49,167 root INFO https://api.openweathermap.org/data/2.5/weather?lat=48.0&lon=2.0&appid=5090a14bf34a4879699a2418bf9b9913&units=metric
2025-10-28 11:26:49,234 root INFO Couverture nuageuse : 100%
2025-10-28 11:26:49,235 root INFO sunlight=0.40219872169874643 seasonal_factor=0.7755470342530602, cloud_factor=0.18400000000000002
2025-10-28 11:26:49,235 root INFO sunlight=0.3119240257938347 seasonal_factor=0.7755470342530602, cloud_factor=0.18400000000000002
2025-10-28 11:26:49,235 root INFO power:1871.54W, energie:15.634582488919628Wh
2025-10-28 11:26:49,235 root INFO prod index:0.0Wh, New index:15.634582488919628Wh
2025-10-28 11:26:49,236 root INFO power:456.61W, energie:3.81445576395856Wh
2025-10-28 11:26:49,236 root INFO Conso power 456.61W, energie:3.81445576395856Wh New index:98.30977525499529Wh
2025-10-28 11:26:49,237 root INFO Inj index:0Wh, New index:11Wh
2025-10-28 11:26:49,237 root INFO Sout index:0Wh, New index:0Wh
2025-10-28 11:27:19,241 root INFO timezone='Europe/London' sunset=datetime.datetime(2025, 10, 28, 16, 39, 32, 521790, tzinfo=datetime.timezone.utc) sunrise=datetime.datetime(2025, 10, 28, 6, 31, 13, 400667, tzinfo=datetime.timezone.utc)
2025-10-28 11:27:19,241 root INFO https://api.openweathermap.org/data/2.5/weather?lat=48.0&lon=2.0&appid=5090a14bf34a4879699a2418bf9b9913&units=metric
2025-10-28 11:27:19,303 root INFO Couverture nuageuse : 100%
2025-10-28 11:27:19,303 root INFO sunlight=0.3894382412163062 seasonal_factor=0.7755470342530602, cloud_factor=0.164
2025-10-28 11:27:19,303 root INFO sunlight=0.30202767300003414 seasonal_factor=0.7755470342530602, cloud_factor=0.164
2025-10-28 11:27:19,303 root INFO power:1812.17W, energie:15.135198326750597Wh
2025-10-28 11:27:19,317 root INFO prod index:15.634582488919628Wh, New index:30.769780815670224Wh
2025-10-28 11:27:19,318 root INFO power:309.27W, energie:2.5842181273798146Wh
2025-10-28 11:27:19,329 root INFO Conso power 309.27W, energie:2.5842181273798146Wh New index:100.8939933823751Wh
2025-10-28 11:27:19,330 root INFO Inj index:0Wh, New index:25Wh
2025-10-28 11:27:19,330 root INFO Sout index:0Wh, New index:0Wh
2025-10-28 11:27:49,338 root INFO timezone='Europe/London' sunset=datetime.datetime(2025, 10, 28, 16, 39, 32, 521790, tzinfo=datetime.timezone.utc) sunrise=datetime.datetime(2025, 10, 28, 6, 31, 13, 400667, tzinfo=datetime.timezone.utc)
2025-10-28 11:27:49,338 root INFO https://api.openweathermap.org/data/2.5/weather?lat=48.0&lon=2.0&appid=5090a14bf34a4879699a2418bf9b9913&units=metric
2025-10-28 11:27:49,405 root INFO Couverture nuageuse : 100%
2025-10-28 11:27:49,405 root INFO sunlight=0.5266340086317132 seasonal_factor=0.7755470342530602, cloud_factor=0.37200000000000005
2025-10-28 11:27:49,405 root INFO sunlight=0.40842944353112565 seasonal_factor=0.7755470342530602, cloud_factor=0.37200000000000005
2025-10-28 11:27:49,405 root INFO power:2450.58W, energie:20.481367077314854Wh
2025-10-28 11:27:49,418 root INFO prod index:30.769780815670224Wh, New index:51.251147892985074Wh
2025-10-28 11:27:49,419 root INFO power:55.73W, energie:0.46580914394987954Wh
2025-10-28 11:27:49,428 root INFO Conso power 55.73W, energie:0.46580914394987954Wh New index:101.35980252632498Wh
2025-10-28 11:27:49,428 root INFO Inj index:0Wh, New index:60Wh
2025-10-28 11:27:49,428 root INFO Sout index:0Wh, New index:0Wh
2025-10-28 11:28:19,432 root INFO timezone='Europe/London' sunset=datetime.datetime(2025, 10, 28, 16, 39, 32, 521790, tzinfo=datetime.timezone.utc) sunrise=datetime.datetime(2025, 10, 28, 6, 31, 13, 400667, tzinfo=datetime.timezone.utc)
2025-10-28 11:28:19,433 root INFO https://api.openweathermap.org/data/2.5/weather?lat=48.0&lon=2.0&appid=5090a14bf34a4879699a2418bf9b9913&units=metric
2025-10-28 11:28:19,492 root INFO Couverture nuageuse : 100%
2025-10-28 11:28:19,492 root INFO sunlight=0.3638353111867862 seasonal_factor=0.7755470342530602, cloud_factor=0.124
2025-10-28 11:28:19,492 root INFO sunlight=0.28217139654745127 seasonal_factor=0.7755470342530602, cloud_factor=0.124
2025-10-28 11:28:19,493 root INFO power:1693.03W, energie:14.14385369284219Wh
2025-10-28 11:28:19,505 root INFO prod index:51.251147892985074Wh, New index:65.39500158582726Wh
2025-10-28 11:28:19,505 root INFO power:417.25W, energie:3.486007974114683Wh
2025-10-28 11:28:19,517 root INFO Conso power 417.25W, energie:3.486007974114683Wh New index:104.84581050043967Wh
2025-10-28 11:28:19,517 root INFO Inj index:0Wh, New index:42Wh
2025-10-28 11:28:19,518 root INFO Sout index:0Wh, New index:0Wh
2025-10-28 11:28:49,533 root INFO timezone='Europe/London' sunset=datetime.datetime(2025, 10, 28, 16, 39, 32, 521790, tzinfo=datetime.timezone.utc) sunrise=datetime.datetime(2025, 10, 28, 6, 31, 13, 400667, tzinfo=datetime.timezone.utc)
2025-10-28 11:28:49,533 root INFO https://api.openweathermap.org/data/2.5/weather?lat=48.0&lon=2.0&appid=5090a14bf34a4879699a2418bf9b9913&units=metric
2025-10-28 11:28:58,792 root INFO Couverture nuageuse : 100%
2025-10-28 11:28:58,792 root INFO sunlight=0.4274434115599842 seasonal_factor=0.7755470342530602, cloud_factor=0.22000000000000003
2025-10-28 11:28:58,792 root INFO sunlight=0.331502470146356 seasonal_factor=0.7755470342530602, cloud_factor=0.22000000000000003
2025-10-28 11:28:58,793 root INFO power:1989.01W, energie:21.706939823703635Wh
2025-10-28 11:28:58,801 root INFO prod index:65.39500158582726Wh, New index:87.1019414095309Wh
2025-10-28 11:28:58,801 root INFO power:0.0W, energie:0.0Wh
2025-10-28 11:28:58,810 root INFO Conso power 0.0W, energie:0.0Wh New index:104.84581050043967Wh
2025-10-28 11:28:58,810 root INFO Inj index:0Wh, New index:88Wh
2025-10-28 11:28:58,810 root INFO Sout index:0Wh, New index:0Wh
2025-10-28 11:29:28,819 root INFO timezone='Europe/London' sunset=datetime.datetime(2025, 10, 28, 16, 39, 32, 521790, tzinfo=datetime.timezone.utc) sunrise=datetime.datetime(2025, 10, 28, 6, 31, 13, 400667, tzinfo=datetime.timezone.utc)
2025-10-28 11:29:28,819 root INFO https://api.openweathermap.org/data/2.5/weather?lat=48.0&lon=2.0&appid=5090a14bf34a4879699a2418bf9b9913&units=metric
2025-10-28 11:29:28,872 root INFO Couverture nuageuse : 100%
2025-10-28 11:29:28,872 root INFO sunlight=0.5150582014202841 seasonal_factor=0.7755470342530602, cloud_factor=0.35200000000000004
2025-10-28 11:29:28,872 root INFO sunlight=0.39945186057921667 seasonal_factor=0.7755470342530602, cloud_factor=0.35200000000000004
2025-10-28 11:29:28,873 root INFO power:2396.71W, energie:20.020550725227594Wh
2025-10-28 11:29:28,883 root INFO prod index:87.1019414095309Wh, New index:107.12249213475849Wh
2025-10-28 11:29:28,884 root INFO power:0.0W, energie:0.0Wh
2025-10-28 11:29:28,885 root INFO Conso power 0.0W, energie:0.0Wh New index:104.84581050043967Wh
2025-10-28 11:29:28,885 root INFO Inj index:0Wh, New index:126Wh
2025-10-28 11:29:28,885 root INFO Sout index:0Wh, New index:0Wh
2025-10-28 11:29:58,897 root INFO timezone='Europe/London' sunset=datetime.datetime(2025, 10, 28, 16, 39, 32, 521790, tzinfo=datetime.timezone.utc) sunrise=datetime.datetime(2025, 10, 28, 6, 31, 13, 400667, tzinfo=datetime.timezone.utc)
2025-10-28 11:29:58,897 root INFO https://api.openweathermap.org/data/2.5/weather?lat=48.0&lon=2.0&appid=5090a14bf34a4879699a2418bf9b9913&units=metric
2025-10-28 11:29:58,951 root INFO Couverture nuageuse : 100%
2025-10-28 11:29:58,951 root INFO sunlight=0.3306025872548308 seasonal_factor=0.7755470342530602, cloud_factor=0.072
2025-10-28 11:29:58,951 root INFO sunlight=0.2563978560618726 seasonal_factor=0.7755470342530602, cloud_factor=0.072
2025-10-28 11:29:58,952 root INFO power:1538.39W, energie:12.849269315653379Wh
2025-10-28 11:29:58,960 root INFO prod index:107.12249213475849Wh, New index:119.97176145041186Wh
2025-10-28 11:29:58,961 root INFO power:419.08W, energie:3.5011441886477996Wh
2025-10-28 11:29:58,962 root INFO Conso power 419.08W, energie:3.5011441886477996Wh New index:108.34695468908747Wh
2025-10-28 11:29:58,962 root INFO Inj index:0Wh, New index:68Wh
2025-10-28 11:29:58,962 root INFO Sout index:0Wh, New index:0Wh
2025-10-28 11:30:28,968 root INFO timezone='Europe/London' sunset=datetime.datetime(2025, 10, 28, 16, 39, 32, 521790, tzinfo=datetime.timezone.utc) sunrise=datetime.datetime(2025, 10, 28, 6, 31, 13, 400667, tzinfo=datetime.timezone.utc)
2025-10-28 11:30:28,968 root INFO https://api.openweathermap.org/data/2.5/weather?lat=48.0&lon=2.0&appid=5090a14bf34a4879699a2418bf9b9913&units=metric
2025-10-28 11:30:29,023 root INFO Couverture nuageuse : 100%
2025-10-28 11:30:29,023 root INFO sunlight=0.48162107202307186 seasonal_factor=0.7755470342530602, cloud_factor=0.30000000000000004
2025-10-28 11:30:29,023 root INFO sunlight=0.3735197940412729 seasonal_factor=0.7755470342530602, cloud_factor=0.30000000000000004
2025-10-28 11:30:29,023 root INFO power:2241.12W, energie:18.715490747197467Wh
2025-10-28 11:30:29,034 root INFO prod index:119.97176145041186Wh, New index:138.68725219760933Wh
2025-10-28 11:30:29,035 root INFO power:182.59W, energie:1.525307737804784Wh
2025-10-28 11:30:29,044 root INFO Conso power 182.59W, energie:1.525307737804784Wh New index:109.87226242689225Wh
2025-10-28 11:30:29,044 root INFO Inj index:0Wh, New index:142Wh
2025-10-28 11:30:29,044 root INFO Sout index:0Wh, New index:0Wh
2025-10-28 11:30:59,046 root INFO timezone='Europe/London' sunset=datetime.datetime(2025, 10, 28, 16, 39, 32, 521790, tzinfo=datetime.timezone.utc) sunrise=datetime.datetime(2025, 10, 28, 6, 31, 13, 400667, tzinfo=datetime.timezone.utc)
2025-10-28 11:30:59,046 root INFO https://api.openweathermap.org/data/2.5/weather?lat=48.0&lon=2.0&appid=5090a14bf34a4879699a2418bf9b9913&units=metric
2025-10-28 11:30:59,097 root INFO Couverture nuageuse : 100%
2025-10-28 11:30:59,097 root INFO sunlight=0.32590614775315996 seasonal_factor=0.7755470342530602, cloud_factor=0.064
2025-10-28 11:30:59,097 root INFO sunlight=0.25275554633480285 seasonal_factor=0.7755470342530602, cloud_factor=0.064
2025-10-28 11:30:59,097 root INFO power:1516.53W, energie:12.664382464168469Wh
2025-10-28 11:30:59,106 root INFO prod index:138.68725219760933Wh, New index:151.35163466177778Wh
2025-10-28 11:30:59,106 root INFO power:438.96W, energie:3.665586674706141Wh
2025-10-28 11:30:59,114 root INFO Conso power 438.96W, energie:3.665586674706141Wh New index:113.5378491015984Wh
2025-10-28 11:30:59,115 root INFO Inj index:0Wh, New index:83Wh
2025-10-28 11:30:59,115 root INFO Sout index:0Wh, New index:0Wh
2025-10-28 11:31:29,120 root INFO timezone='Europe/London' sunset=datetime.datetime(2025, 10, 28, 16, 39, 32, 521790, tzinfo=datetime.timezone.utc) sunrise=datetime.datetime(2025, 10, 28, 6, 31, 13, 400667, tzinfo=datetime.timezone.utc)
2025-10-28 11:31:29,120 root INFO https://api.openweathermap.org/data/2.5/weather?lat=48.0&lon=2.0&appid=5090a14bf34a4879699a2418bf9b9913&units=metric
2025-10-28 11:31:29,172 root INFO Couverture nuageuse : 100%
2025-10-28 11:31:29,172 root INFO sunlight=0.4321535334591142 seasonal_factor=0.7755470342530602, cloud_factor=0.22400000000000003
2025-10-28 11:31:29,172 root INFO sunlight=0.33515539121619664 seasonal_factor=0.7755470342530602, cloud_factor=0.22400000000000003
2025-10-28 11:31:29,172 root INFO power:2010.93W, energie:16.794661922675374Wh
2025-10-28 11:31:29,182 root INFO prod index:151.35163466177778Wh, New index:168.14629658445315Wh
2025-10-28 11:31:29,183 root INFO power:280.91W, energie:2.3463073054273926Wh
2025-10-28 11:31:29,191 root INFO Conso power 280.91W, energie:2.3463073054273926Wh New index:115.88415640702578Wh
2025-10-28 11:31:29,191 root INFO Inj index:0Wh, New index:148Wh
2025-10-28 11:31:29,191 root INFO Sout index:0Wh, New index:0Wh
2025-10-28 11:31:59,194 root INFO timezone='Europe/London' sunset=datetime.datetime(2025, 10, 28, 16, 39, 32, 521790, tzinfo=datetime.timezone.utc) sunrise=datetime.datetime(2025, 10, 28, 6, 31, 13, 400667, tzinfo=datetime.timezone.utc)
2025-10-28 11:31:59,194 root INFO https://api.openweathermap.org/data/2.5/weather?lat=48.0&lon=2.0&appid=5090a14bf34a4879699a2418bf9b9913&units=metric
2025-10-28 11:31:59,248 root INFO Couverture nuageuse : 100%
2025-10-28 11:31:59,248 root INFO sunlight=0.42723271660774015 seasonal_factor=0.7755470342530602, cloud_factor=0.21600000000000003
2025-10-28 11:31:59,248 root INFO sunlight=0.331339066301011 seasonal_factor=0.7755470342530602, cloud_factor=0.21600000000000003
2025-10-28 11:31:59,249 root INFO power:1988.03W, energie:16.603943714462385Wh
2025-10-28 11:31:59,257 root INFO prod index:168.14629658445315Wh, New index:184.75024029891554Wh
2025-10-28 11:31:59,257 root INFO power:0.0W, energie:0.0Wh
2025-10-28 11:31:59,266 root INFO Conso power 0.0W, energie:0.0Wh New index:115.88415640702578Wh
2025-10-28 11:31:59,266 root INFO Inj index:0Wh, New index:187Wh
2025-10-28 11:31:59,266 root INFO Sout index:0Wh, New index:0Wh
2025-10-28 11:32:29,269 root INFO timezone='Europe/London' sunset=datetime.datetime(2025, 10, 28, 16, 39, 32, 521790, tzinfo=datetime.timezone.utc) sunrise=datetime.datetime(2025, 10, 28, 6, 31, 13, 400667, tzinfo=datetime.timezone.utc)
2025-10-28 11:32:29,269 root INFO https://api.openweathermap.org/data/2.5/weather?lat=48.0&lon=2.0&appid=5090a14bf34a4879699a2418bf9b9913&units=metric
2025-10-28 11:32:29,323 root INFO Couverture nuageuse : 100%
2025-10-28 11:32:29,323 root INFO sunlight=0.324116925400609 seasonal_factor=0.7755470342530602, cloud_factor=0.06
2025-10-28 11:32:29,323 root INFO sunlight=0.2513679202456626 seasonal_factor=0.7755470342530602, cloud_factor=0.06
2025-10-28 11:32:29,324 root INFO power:1508.21W, energie:12.596350050698385Wh
2025-10-28 11:32:29,334 root INFO prod index:184.75024029891554Wh, New index:197.34659034961393Wh
2025-10-28 11:32:29,335 root INFO power:396.56W, energie:3.312231709035238Wh
2025-10-28 11:32:29,336 root INFO Conso power 396.56W, energie:3.312231709035238Wh New index:119.19638811606102Wh
2025-10-28 11:32:29,336 root INFO Inj index:0Wh, New index:114Wh
2025-10-28 11:32:29,337 root INFO Sout index:0Wh, New index:0Wh
2025-10-28 11:32:59,341 root INFO timezone='Europe/London' sunset=datetime.datetime(2025, 10, 28, 16, 39, 32, 521790, tzinfo=datetime.timezone.utc) sunrise=datetime.datetime(2025, 10, 28, 6, 31, 13, 400667, tzinfo=datetime.timezone.utc)
2025-10-28 11:32:59,341 root INFO https://api.openweathermap.org/data/2.5/weather?lat=48.0&lon=2.0&appid=5090a14bf34a4879699a2418bf9b9913&units=metric
2025-10-28 11:32:59,400 root INFO Couverture nuageuse : 100%
2025-10-28 11:32:59,400 root INFO sunlight=0.2951835215573012 seasonal_factor=0.7755470342530602, cloud_factor=0.016
2025-10-28 11:32:59,400 root INFO sunlight=0.2289287047041392 seasonal_factor=0.7755470342530602, cloud_factor=0.016
2025-10-28 11:32:59,400 root INFO power:1373.57W, energie:11.471441766835582Wh
2025-10-28 11:32:59,409 root INFO prod index:197.34659034961393Wh, New index:208.8180321164495Wh
2025-10-28 11:32:59,410 root INFO power:0.0W, energie:0.0Wh
2025-10-28 11:32:59,418 root INFO Conso power 0.0W, energie:0.0Wh New index:119.19638811606102Wh
2025-10-28 11:32:59,419 root INFO Inj index:0Wh, New index:152Wh
2025-10-28 11:32:59,419 root INFO Sout index:0Wh, New index:0Wh
2025-10-28 11:33:29,421 root INFO timezone='Europe/London' sunset=datetime.datetime(2025, 10, 28, 16, 39, 32, 521790, tzinfo=datetime.timezone.utc) sunrise=datetime.datetime(2025, 10, 28, 6, 31, 13, 400667, tzinfo=datetime.timezone.utc)
2025-10-28 11:33:29,421 root INFO https://api.openweathermap.org/data/2.5/weather?lat=48.0&lon=2.0&appid=5090a14bf34a4879699a2418bf9b9913&units=metric
2025-10-28 11:33:29,477 root INFO Couverture nuageuse : 100%
2025-10-28 11:33:29,477 root INFO sunlight=0.40176486908289577 seasonal_factor=0.7755470342530602, cloud_factor=0.17600000000000002
2025-10-28 11:33:29,477 root INFO sunlight=0.31158755268430877 seasonal_factor=0.7755470342530602, cloud_factor=0.17600000000000002
2025-10-28 11:33:29,478 root INFO power:1869.53W, energie:15.615654076197412Wh
2025-10-28 11:33:29,487 root INFO prod index:208.8180321164495Wh, New index:224.43368619264692Wh
2025-10-28 11:33:29,488 root INFO power:310.05W, energie:2.5898459308445454Wh
2025-10-28 11:33:29,490 root INFO Conso power 310.05W, energie:2.5898459308445454Wh New index:121.78623404690556Wh
2025-10-28 11:33:29,490 root INFO Inj index:0Wh, New index:186Wh
2025-10-28 11:33:29,490 root INFO Sout index:0Wh, New index:0Wh
2025-10-28 11:33:59,503 root INFO timezone='Europe/London' sunset=datetime.datetime(2025, 10, 28, 16, 39, 32, 521790, tzinfo=datetime.timezone.utc) sunrise=datetime.datetime(2025, 10, 28, 6, 31, 13, 400667, tzinfo=datetime.timezone.utc)
2025-10-28 11:33:59,503 root INFO https://api.openweathermap.org/data/2.5/weather?lat=48.0&lon=2.0&appid=5090a14bf34a4879699a2418bf9b9913&units=metric
2025-10-28 11:33:59,558 root INFO Couverture nuageuse : 100%
2025-10-28 11:33:59,558 root INFO sunlight=0.31165258285430797 seasonal_factor=0.7755470342530602, cloud_factor=0.04000000000000001
2025-10-28 11:33:59,558 root INFO sunlight=0.24170123634996465 seasonal_factor=0.7755470342530602, cloud_factor=0.04000000000000001
2025-10-28 11:33:59,559 root INFO power:1450.21W, energie:12.11397728602224Wh
2025-10-28 11:33:59,568 root INFO prod index:224.43368619264692Wh, New index:236.54766347866916Wh
2025-10-28 11:33:59,568 root INFO power:67.65W, energie:0.5652293131053449Wh
2025-10-28 11:33:59,576 root INFO Conso power 67.65W, energie:0.5652293131053449Wh New index:122.35146336001091Wh
2025-10-28 11:33:59,577 root INFO Inj index:0Wh, New index:176Wh
2025-10-28 11:33:59,577 root INFO Sout index:0Wh, New index:0Wh
2025-10-28 11:34:29,583 root INFO timezone='Europe/London' sunset=datetime.datetime(2025, 10, 28, 16, 39, 32, 521790, tzinfo=datetime.timezone.utc) sunrise=datetime.datetime(2025, 10, 28, 6, 31, 13, 400667, tzinfo=datetime.timezone.utc)
2025-10-28 11:34:29,583 root INFO https://api.openweathermap.org/data/2.5/weather?lat=48.0&lon=2.0&appid=5090a14bf34a4879699a2418bf9b9913&units=metric
2025-10-28 11:34:29,644 root INFO Couverture nuageuse : 100%
2025-10-28 11:34:29,644 root INFO sunlight=0.47167829438601894 seasonal_factor=0.7755470342530602, cloud_factor=0.27999999999999997
2025-10-28 11:34:29,645 root INFO sunlight=0.3658087023326188 seasonal_factor=0.7755470342530602, cloud_factor=0.27999999999999997
2025-10-28 11:34:29,645 root INFO power:2194.85W, energie:18.337188887364334Wh
2025-10-28 11:34:29,655 root INFO prod index:236.54766347866916Wh, New index:254.8848523660335Wh
2025-10-28 11:34:29,655 root INFO power:458.68W, energie:3.8323630566888385Wh
2025-10-28 11:34:29,664 root INFO Conso power 458.68W, energie:3.8323630566888385Wh New index:126.18382641669974Wh
2025-10-28 11:34:29,664 root INFO Inj index:0Wh, New index:236Wh
2025-10-28 11:34:29,665 root INFO Sout index:0Wh, New index:0Wh
2025-10-28 11:34:59,666 root INFO timezone='Europe/London' sunset=datetime.datetime(2025, 10, 28, 16, 39, 32, 521790, tzinfo=datetime.timezone.utc) sunrise=datetime.datetime(2025, 10, 28, 6, 31, 13, 400667, tzinfo=datetime.timezone.utc)
2025-10-28 11:34:59,666 root INFO https://api.openweathermap.org/data/2.5/weather?lat=48.0&lon=2.0&appid=5090a14bf34a4879699a2418bf9b9913&units=metric
2025-10-28 11:34:59,720 root INFO Couverture nuageuse : 100%
2025-10-28 11:34:59,720 root INFO sunlight=0.3601467407077921 seasonal_factor=0.7755470342530602, cloud_factor=0.11200000000000002
2025-10-28 11:34:59,720 root INFO sunlight=0.27931073665183404 seasonal_factor=0.7755470342530602, cloud_factor=0.11200000000000002
2025-10-28 11:34:59,721 root INFO power:1675.86W, energie:13.996283804345131Wh
2025-10-28 11:34:59,729 root INFO prod index:254.8848523660335Wh, New index:268.8811361703786Wh
2025-10-28 11:34:59,730 root INFO power:499.57W, energie:4.172260410672426Wh
2025-10-28 11:34:59,739 root INFO Conso power 499.57W, energie:4.172260410672426Wh New index:130.35608682737217Wh
2025-10-28 11:34:59,739 root INFO Inj index:0Wh, New index:170Wh
2025-10-28 11:34:59,739 root INFO Sout index:0Wh, New index:0Wh
2025-10-28 11:35:29,751 root INFO timezone='Europe/London' sunset=datetime.datetime(2025, 10, 28, 16, 39, 32, 521790, tzinfo=datetime.timezone.utc) sunrise=datetime.datetime(2025, 10, 28, 6, 31, 13, 400667, tzinfo=datetime.timezone.utc)
2025-10-28 11:35:29,751 root INFO https://api.openweathermap.org/data/2.5/weather?lat=48.0&lon=2.0&appid=5090a14bf34a4879699a2418bf9b9913&units=metric
2025-10-28 11:35:29,804 root INFO Couverture nuageuse : 100%
2025-10-28 11:35:29,804 root INFO sunlight=0.44846211923606827 seasonal_factor=0.7755470342530602, cloud_factor=0.244
2025-10-28 11:35:29,804 root INFO sunlight=0.34780346654837496 seasonal_factor=0.7755470342530602, cloud_factor=0.244
2025-10-28 11:35:29,805 root INFO power:2086.82W, energie:17.434274673554633Wh
2025-10-28 11:35:29,815 root INFO prod index:268.8811361703786Wh, New index:286.31541084393325Wh
2025-10-28 11:35:29,815 root INFO power:218.85W, energie:1.828375832259655Wh
2025-10-28 11:35:29,823 root INFO Conso power 218.85W, energie:1.828375832259655Wh New index:132.18446265963183Wh
2025-10-28 11:35:29,824 root INFO Inj index:0Wh, New index:285Wh
2025-10-28 11:35:29,824 root INFO Sout index:0Wh, New index:0Wh
2025-10-28 11:35:59,837 root INFO timezone='Europe/London' sunset=datetime.datetime(2025, 10, 28, 16, 39, 32, 521790, tzinfo=datetime.timezone.utc) sunrise=datetime.datetime(2025, 10, 28, 6, 31, 13, 400667, tzinfo=datetime.timezone.utc)
2025-10-28 11:35:59,837 root INFO https://api.openweathermap.org/data/2.5/weather?lat=48.0&lon=2.0&appid=5090a14bf34a4879699a2418bf9b9913&units=metric
2025-10-28 11:35:59,895 root INFO Couverture nuageuse : 100%
2025-10-28 11:35:59,895 root INFO sunlight=0.2993482483981748 seasonal_factor=0.7755470342530602, cloud_factor=0.020000000000000004
2025-10-28 11:35:59,895 root INFO sunlight=0.23215864625405283 seasonal_factor=0.7755470342530602, cloud_factor=0.020000000000000004
2025-10-28 11:35:59,896 root INFO power:1392.95W, energie:11.639007798214754Wh
2025-10-28 11:35:59,904 root INFO prod index:286.31541084393325Wh, New index:297.954418642148Wh
2025-10-28 11:35:59,904 root INFO power:453.81W, energie:3.791879648858309Wh
2025-10-28 11:35:59,914 root INFO Conso power 453.81W, energie:3.791879648858309Wh New index:135.97634230849013Wh
2025-10-28 11:35:59,915 root INFO Inj index:0Wh, New index:151Wh
2025-10-28 11:35:59,915 root INFO Sout index:0Wh, New index:0Wh
2025-10-28 11:36:29,925 root INFO timezone='Europe/London' sunset=datetime.datetime(2025, 10, 28, 16, 39, 32, 521790, tzinfo=datetime.timezone.utc) sunrise=datetime.datetime(2025, 10, 28, 6, 31, 13, 400667, tzinfo=datetime.timezone.utc)
2025-10-28 11:36:29,925 root INFO https://api.openweathermap.org/data/2.5/weather?lat=48.0&lon=2.0&appid=5090a14bf34a4879699a2418bf9b9913&units=metric
2025-10-28 11:36:30,008 root INFO Couverture nuageuse : 100%
2025-10-28 11:36:30,008 root INFO sunlight=0.34768024189326013 seasonal_factor=0.7755470342530602, cloud_factor=0.09200000000000001
2025-10-28 11:36:30,008 root INFO sunlight=0.2696423804687045 seasonal_factor=0.7755470342530602, cloud_factor=0.09200000000000001
2025-10-28 11:36:30,009 root INFO power:1617.85W, energie:13.529671573797861Wh
2025-10-28 11:36:30,019 root INFO prod index:297.954418642148Wh, New index:311.4840902159459Wh
2025-10-28 11:36:30,020 root INFO power:107.56W, energie:0.8995049850331412Wh
2025-10-28 11:36:30,028 root INFO Conso power 107.56W, energie:0.8995049850331412Wh New index:136.87584729352326Wh
2025-10-28 11:36:30,028 root INFO Inj index:0Wh, New index:256Wh
2025-10-28 11:36:30,028 root INFO Sout index:0Wh, New index:0Wh
2025-10-28 11:37:00,033 root INFO timezone='Europe/London' sunset=datetime.datetime(2025, 10, 28, 16, 39, 32, 521790, tzinfo=datetime.timezone.utc) sunrise=datetime.datetime(2025, 10, 28, 6, 31, 13, 400667, tzinfo=datetime.timezone.utc)
2025-10-28 11:37:00,033 root INFO https://api.openweathermap.org/data/2.5/weather?lat=48.0&lon=2.0&appid=5090a14bf34a4879699a2418bf9b9913&units=metric
2025-10-28 11:37:00,127 root INFO Couverture nuageuse : 100%
2025-10-28 11:37:00,127 root INFO sunlight=0.30785646728303473 seasonal_factor=0.7755470342530602, cloud_factor=0.032
2025-10-28 11:37:00,127 root INFO sunlight=0.23875717017698184 seasonal_factor=0.7755470342530602, cloud_factor=0.032
2025-10-28 11:37:00,127 root INFO power:1432.54W, energie:11.980518667503198Wh
2025-10-28 11:37:00,137 root INFO prod index:311.4840902159459Wh, New index:323.4646088834491Wh
2025-10-28 11:37:00,137 root INFO power:328.08W, energie:2.7439585826237995Wh
2025-10-28 11:37:00,146 root INFO Conso power 328.08W, energie:2.7439585826237995Wh New index:139.61980587614707Wh
2025-10-28 11:37:00,146 root INFO Inj index:0Wh, New index:196Wh
2025-10-28 11:37:00,146 root INFO Sout index:0Wh, New index:0Wh
2025-10-28 11:37:30,147 root INFO timezone='Europe/London' sunset=datetime.datetime(2025, 10, 28, 16, 39, 32, 521790, tzinfo=datetime.timezone.utc) sunrise=datetime.datetime(2025, 10, 28, 6, 31, 13, 400667, tzinfo=datetime.timezone.utc)
2025-10-28 11:37:30,147 root INFO https://api.openweathermap.org/data/2.5/weather?lat=48.0&lon=2.0&appid=5090a14bf34a4879699a2418bf9b9913&units=metric
2025-10-28 11:37:30,235 root INFO Couverture nuageuse : 100%
2025-10-28 11:37:30,235 root INFO sunlight=0.49808807399210137 seasonal_factor=0.7755470342530602, cloud_factor=0.31600000000000006
2025-10-28 11:37:30,236 root INFO sunlight=0.386290728581393 seasonal_factor=0.7755470342530602, cloud_factor=0.31600000000000006
2025-10-28 11:37:30,236 root INFO power:2317.74W, energie:19.37829892741044Wh
2025-10-28 11:37:30,248 root INFO prod index:323.4646088834491Wh, New index:342.8429078108595Wh
2025-10-28 11:37:30,249 root INFO power:41.13W, energie:0.3439279427170754Wh
2025-10-28 11:37:30,260 root INFO Conso power 41.13W, energie:0.3439279427170754Wh New index:139.96373381886414Wh
2025-10-28 11:37:30,260 root INFO Inj index:0Wh, New index:424Wh
2025-10-28 11:37:30,260 root INFO Sout index:0Wh, New index:0Wh
2025-10-28 11:38:00,263 root INFO timezone='Europe/London' sunset=datetime.datetime(2025, 10, 28, 16, 39, 32, 521790, tzinfo=datetime.timezone.utc) sunrise=datetime.datetime(2025, 10, 28, 6, 31, 13, 400667, tzinfo=datetime.timezone.utc)
2025-10-28 11:38:00,263 root INFO https://api.openweathermap.org/data/2.5/weather?lat=48.0&lon=2.0&appid=5090a14bf34a4879699a2418bf9b9913&units=metric
